This is pdfTeX, Version 3.141592653-2.6-1.40.24 (TeX Live 2022/Arch Linux) (preloaded format=pdflatex 2022.12.11)  11 DEC 2022 23:10
entering extended mode
 restricted \write18 enabled.
 file:line:error style messages enabled.
 %&-line parsing enabled.
**/home/jabuk/Studia/semester3/statistics/report2/tex_report/report2.tex
(/home/jabuk/Studia/semester3/statistics/report2/tex_report/report2.tex
LaTeX2e <2021-11-15> patch level 1
L3 programming layer <2022-04-10> (/usr/share/texmf-dist/tex/latex/base/report.cls
Document Class: report 2021/10/04 v1.4n Standard LaTeX document class
(/usr/share/texmf-dist/tex/latex/base/size10.clo
File: size10.clo 2021/10/04 v1.4n Standard LaTeX file (size option)
)
\c@part=\count185
\c@chapter=\count186
\c@section=\count187
\c@subsection=\count188
\c@subsubsection=\count189
\c@paragraph=\count190
\c@subparagraph=\count191
\c@figure=\count192
\c@table=\count193
\abovecaptionskip=\skip47
\belowcaptionskip=\skip48
\bibindent=\dimen138
) (/usr/share/texmf-dist/tex/latex/polski/polski.sty
Package: polski 2021/08/25 v1.3.6 Polish language package

   Switching to Polish text encoding and Polish maths fonts.
(/usr/share/texmf-dist/tex/latex/base/ot4enc.def
File: ot4enc.def 2021/04/29 v2.0v Standard LaTeX file
Now handling font encoding OT4 ...
... no UTF-8 mapping file for font encoding OT4
)
LaTeX Font Info:    Trying to load font information for OT4+cmr on input line 362.
 (/usr/share/texmf-dist/tex/latex/polski/ot4cmr.fd
File: ot4cmr.fd 2008/02/24 v1.2.1 Font defs for fonts PL (MW)
)
LaTeX Font Info:    Overwriting math alphabet `\mathbf' in version `normal'
(Font)                  OT1/cmr/bx/n --> OT4/cmr/bx/n on input line 362.
LaTeX Font Info:    Overwriting math alphabet `\mathsf' in version `normal'
(Font)                  OT1/cmss/m/n --> OT4/cmss/m/n on input line 362.
LaTeX Font Info:    Overwriting math alphabet `\mathit' in version `normal'
(Font)                  OT1/cmr/m/it --> OT4/cmr/m/it on input line 362.
LaTeX Font Info:    Overwriting math alphabet `\mathtt' in version `normal'
(Font)                  OT1/cmtt/m/n --> OT4/cmtt/m/n on input line 362.
LaTeX Font Info:    Overwriting math alphabet `\mathsf' in version `bold'
(Font)                  OT1/cmss/bx/n --> OT4/cmss/bx/n on input line 362.
LaTeX Font Info:    Overwriting math alphabet `\mathit' in version `bold'
(Font)                  OT1/cmr/bx/it --> OT4/cmr/bx/it on input line 362.
LaTeX Font Info:    Encoding `OT1' has changed to `OT4' for symbol font
(Font)              `operators' in the math version `normal' on input line 362.
LaTeX Font Info:    Overwriting symbol font `operators' in version `normal'
(Font)                  OT1/cmr/m/n --> OT4/cmr/m/n on input line 362.
LaTeX Font Info:    Overwriting symbol font `letters' in version `normal'
(Font)                  OML/cmm/m/it --> OML/plm/m/it on input line 362.
LaTeX Font Info:    Overwriting symbol font `symbols' in version `normal'
(Font)                  OMS/cmsy/m/n --> OMS/plsy/m/n on input line 362.
LaTeX Font Info:    Overwriting symbol font `largesymbols' in version `normal'
(Font)                  OMX/cmex/m/n --> OMX/plex/m/n on input line 362.
LaTeX Font Info:    Encoding `OT1' has changed to `OT4' for symbol font
(Font)              `operators' in the math version `bold' on input line 362.
LaTeX Font Info:    Overwriting symbol font `operators' in version `bold'
(Font)                  OT1/cmr/bx/n --> OT4/cmr/bx/n on input line 362.
LaTeX Font Info:    Overwriting symbol font `letters' in version `bold'
(Font)                  OML/cmm/b/it --> OML/plm/b/it on input line 362.
LaTeX Font Info:    Overwriting symbol font `symbols' in version `bold'
(Font)                  OMS/cmsy/b/n --> OMS/plsy/b/n on input line 362.
) (/usr/share/texmf-dist/tex/latex/base/inputenc.sty
Package: inputenc 2021/02/14 v1.3d Input encoding file
\inpenc@prehook=\toks16
\inpenc@posthook=\toks17
) (/usr/share/texmf-dist/tex/latex/float/float.sty
Package: float 2001/11/08 v1.3d Float enhancements (AL)
\c@float@type=\count194
\float@exts=\toks18
\float@box=\box50
\@float@everytoks=\toks19
\@floatcapt=\box51
) (/usr/share/texmf-dist/tex/latex/graphics/graphicx.sty
Package: graphicx 2021/09/16 v1.2d Enhanced LaTeX Graphics (DPC,SPQR)
 (/usr/share/texmf-dist/tex/latex/graphics/keyval.sty
Package: keyval 2014/10/28 v1.15 key=value parser (DPC)
\KV@toks@=\toks20
) (/usr/share/texmf-dist/tex/latex/graphics/graphics.sty
Package: graphics 2021/03/04 v1.4d Standard LaTeX Graphics (DPC,SPQR)
 (/usr/share/texmf-dist/tex/latex/graphics/trig.sty
Package: trig 2021/08/11 v1.11 sin cos tan (DPC)
) (/usr/share/texmf-dist/tex/latex/graphics-cfg/graphics.cfg
File: graphics.cfg 2016/06/04 v1.11 sample graphics configuration
)
Package graphics Info: Driver file: pdftex.def on input line 107.
 (/usr/share/texmf-dist/tex/latex/graphics-def/pdftex.def
File: pdftex.def 2020/10/05 v1.2a Graphics/color driver for pdftex
))
\Gin@req@height=\dimen139
\Gin@req@width=\dimen140
) (/usr/share/texmf-dist/tex/latex/caption/caption.sty
Package: caption 2022/03/01 v3.6b Customizing captions (AR)
 (/usr/share/texmf-dist/tex/latex/caption/caption3.sty
Package: caption3 2022/03/17 v2.3b caption3 kernel (AR)
\caption@tempdima=\dimen141
\captionmargin=\dimen142
\caption@leftmargin=\dimen143
\caption@rightmargin=\dimen144
\caption@width=\dimen145
\caption@indent=\dimen146
\caption@parindent=\dimen147
\caption@hangindent=\dimen148
Package caption Info: Standard document class detected.
)
\c@caption@flags=\count195
\c@continuedfloat=\count196
Package caption Info: float package is loaded.
) (/usr/share/texmf-dist/tex/latex/caption/subcaption.sty
Package: subcaption 2022/01/07 v1.5 Sub-captions (AR)
\c@subfigure=\count197
\c@subtable=\count198
) (/usr/share/texmf-dist/tex/latex/ragged2e/ragged2e.sty
Package: ragged2e 2021/12/15 v3.1 ragged2e Package
\CenteringLeftskip=\skip49
\RaggedLeftLeftskip=\skip50
\RaggedRightLeftskip=\skip51
\CenteringRightskip=\skip52
\RaggedLeftRightskip=\skip53
\RaggedRightRightskip=\skip54
\CenteringParfillskip=\skip55
\RaggedLeftParfillskip=\skip56
\RaggedRightParfillskip=\skip57
\JustifyingParfillskip=\skip58
\CenteringParindent=\skip59
\RaggedLeftParindent=\skip60
\RaggedRightParindent=\skip61
\JustifyingParindent=\skip62
) (/usr/share/texmf-dist/tex/latex/blindtext/blindtext.sty
Package: blindtext 2012/01/06 V2.0 blindtext-Package
 (/usr/share/texmf-dist/tex/latex/tools/xspace.sty
Package: xspace 2014/10/28 v1.13 Space after command names (DPC,MH)
)
\c@blindtext=\count199
\c@Blindtext=\count266
\c@blind@countparstart=\count267
\blind@countxx=\count268
\blindtext@numBlindtext=\count269
\blind@countyy=\count270
\c@blindlist=\count271
\c@blindlistlevel=\count272
\c@blindlist@level=\count273
\blind@listitem=\count274
\c@blind@listcount=\count275
\c@blind@levelcount=\count276
\blind@mathformula=\count277
\blind@Mathformula=\count278
\c@blind@randomcount=\count279
\c@blind@randommax=\count280
\c@blind@pangramcount=\count281
\c@blind@pangrammax=\count282
) (/usr/share/texmf-dist/tex/latex/hyperref/hyperref.sty
Package: hyperref 2022-02-21 v7.00n Hypertext links for LaTeX
 (/usr/share/texmf-dist/tex/generic/ltxcmds/ltxcmds.sty
Package: ltxcmds 2020-05-10 v1.25 LaTeX kernel commands for general use (HO)
) (/usr/share/texmf-dist/tex/generic/iftex/iftex.sty
Package: iftex 2022/02/03 v1.0f TeX engine tests
) (/usr/share/texmf-dist/tex/generic/pdftexcmds/pdftexcmds.sty
Package: pdftexcmds 2020-06-27 v0.33 Utility functions of pdfTeX for LuaTeX (HO)
 (/usr/share/texmf-dist/tex/generic/infwarerr/infwarerr.sty
Package: infwarerr 2019/12/03 v1.5 Providing info/warning/error messages (HO)
)
Package pdftexcmds Info: \pdf@primitive is available.
Package pdftexcmds Info: \pdf@ifprimitive is available.
Package pdftexcmds Info: \pdfdraftmode found.
) (/usr/share/texmf-dist/tex/generic/kvsetkeys/kvsetkeys.sty
Package: kvsetkeys 2019/12/15 v1.18 Key value parser (HO)
) (/usr/share/texmf-dist/tex/generic/kvdefinekeys/kvdefinekeys.sty
Package: kvdefinekeys 2019-12-19 v1.6 Define keys (HO)
) (/usr/share/texmf-dist/tex/generic/pdfescape/pdfescape.sty
Package: pdfescape 2019/12/09 v1.15 Implements pdfTeX's escape features (HO)
) (/usr/share/texmf-dist/tex/latex/hycolor/hycolor.sty
Package: hycolor 2020-01-27 v1.10 Color options for hyperref/bookmark (HO)
) (/usr/share/texmf-dist/tex/latex/letltxmacro/letltxmacro.sty
Package: letltxmacro 2019/12/03 v1.6 Let assignment for LaTeX macros (HO)
) (/usr/share/texmf-dist/tex/latex/auxhook/auxhook.sty
Package: auxhook 2019-12-17 v1.6 Hooks for auxiliary files (HO)
) (/usr/share/texmf-dist/tex/latex/kvoptions/kvoptions.sty
Package: kvoptions 2020-10-07 v3.14 Key value format for package options (HO)
)
\@linkdim=\dimen149
\Hy@linkcounter=\count283
\Hy@pagecounter=\count284
 (/usr/share/texmf-dist/tex/latex/hyperref/pd1enc.def
File: pd1enc.def 2022-02-21 v7.00n Hyperref: PDFDocEncoding definition (HO)
Now handling font encoding PD1 ...
... no UTF-8 mapping file for font encoding PD1
) (/usr/share/texmf-dist/tex/generic/intcalc/intcalc.sty
Package: intcalc 2019/12/15 v1.3 Expandable calculations with integers (HO)
) (/usr/share/texmf-dist/tex/generic/etexcmds/etexcmds.sty
Package: etexcmds 2019/12/15 v1.7 Avoid name clashes with e-TeX commands (HO)
)
\Hy@SavedSpaceFactor=\count285
 (/usr/share/texmf-dist/tex/latex/hyperref/puenc.def
File: puenc.def 2022-02-21 v7.00n Hyperref: PDF Unicode definition (HO)
Now handling font encoding PU ...
... no UTF-8 mapping file for font encoding PU
)
Package hyperref Info: Hyper figures OFF on input line 4137.
Package hyperref Info: Link nesting OFF on input line 4142.
Package hyperref Info: Hyper index ON on input line 4145.
Package hyperref Info: Plain pages OFF on input line 4152.
Package hyperref Info: Backreferencing OFF on input line 4157.
Package hyperref Info: Implicit mode ON; LaTeX internals redefined.
Package hyperref Info: Bookmarks ON on input line 4390.
\c@Hy@tempcnt=\count286
 (/usr/share/texmf-dist/tex/latex/url/url.sty
\Urlmuskip=\muskip16
Package: url 2013/09/16  ver 3.4  Verb mode for urls, etc.
)
LaTeX Info: Redefining \url on input line 4749.
\XeTeXLinkMargin=\dimen150
 (/usr/share/texmf-dist/tex/generic/bitset/bitset.sty
Package: bitset 2019/12/09 v1.3 Handle bit-vector datatype (HO)
 (/usr/share/texmf-dist/tex/generic/bigintcalc/bigintcalc.sty
Package: bigintcalc 2019/12/15 v1.5 Expandable calculations on big integers (HO)
))
\Fld@menulength=\count287
\Field@Width=\dimen151
\Fld@charsize=\dimen152
Package hyperref Info: Hyper figures OFF on input line 6027.
Package hyperref Info: Link nesting OFF on input line 6032.
Package hyperref Info: Hyper index ON on input line 6035.
Package hyperref Info: backreferencing OFF on input line 6042.
Package hyperref Info: Link coloring OFF on input line 6047.
Package hyperref Info: Link coloring with OCG OFF on input line 6052.
Package hyperref Info: PDF/A mode OFF on input line 6057.
LaTeX Info: Redefining \ref on input line 6097.
LaTeX Info: Redefining \pageref on input line 6101.
 (/usr/share/texmf-dist/tex/latex/base/atbegshi-ltx.sty
Package: atbegshi-ltx 2021/01/10 v1.0c Emulation of the original atbegshi
package with kernel methods
)
\Hy@abspage=\count288
\c@Item=\count289
\c@Hfootnote=\count290
)
Package hyperref Info: Driver (autodetected): hpdftex.
 (/usr/share/texmf-dist/tex/latex/hyperref/hpdftex.def
File: hpdftex.def 2022-02-21 v7.00n Hyperref driver for pdfTeX
 (/usr/share/texmf-dist/tex/latex/base/atveryend-ltx.sty
Package: atveryend-ltx 2020/08/19 v1.0a Emulation of the original atveryend package
with kernel methods
)
\Fld@listcount=\count291
\c@bookmark@seq@number=\count292
 (/usr/share/texmf-dist/tex/latex/rerunfilecheck/rerunfilecheck.sty
Package: rerunfilecheck 2019/12/05 v1.9 Rerun checks for auxiliary files (HO)
 (/usr/share/texmf-dist/tex/generic/uniquecounter/uniquecounter.sty
Package: uniquecounter 2019/12/15 v1.4 Provide unlimited unique counter (HO)
)
Package uniquecounter Info: New unique counter `rerunfilecheck' on input line 286.
)
\Hy@SectionHShift=\skip63
) (/usr/share/texmf-dist/tex/latex/l3backend/l3backend-pdftex.def
File: l3backend-pdftex.def 2022-04-14 L3 backend support: PDF output (pdfTeX)
\l__color_backend_stack_int=\count293
\l__pdf_internal_box=\box52
) (./report2.aux)
\openout1 = `report2.aux'.

LaTeX Font Info:    Checking defaults for OML/cmm/m/it on input line 12.
LaTeX Font Info:    ... okay on input line 12.
LaTeX Font Info:    Checking defaults for OMS/cmsy/m/n on input line 12.
LaTeX Font Info:    ... okay on input line 12.
LaTeX Font Info:    Checking defaults for OT1/cmr/m/n on input line 12.
LaTeX Font Info:    ... okay on input line 12.
LaTeX Font Info:    Checking defaults for T1/cmr/m/n on input line 12.
LaTeX Font Info:    ... okay on input line 12.
LaTeX Font Info:    Checking defaults for TS1/cmr/m/n on input line 12.
LaTeX Font Info:    ... okay on input line 12.
LaTeX Font Info:    Checking defaults for OMX/cmex/m/n on input line 12.
LaTeX Font Info:    ... okay on input line 12.
LaTeX Font Info:    Checking defaults for U/cmr/m/n on input line 12.
LaTeX Font Info:    ... okay on input line 12.
LaTeX Font Info:    Checking defaults for OT4/cmr/m/n on input line 12.
LaTeX Font Info:    ... okay on input line 12.
LaTeX Font Info:    Checking defaults for PD1/pdf/m/n on input line 12.
LaTeX Font Info:    ... okay on input line 12.
LaTeX Font Info:    Checking defaults for PU/pdf/m/n on input line 12.
LaTeX Font Info:    ... okay on input line 12.
 (/usr/share/texmf-dist/tex/context/base/mkii/supp-pdf.mkii
[Loading MPS to PDF converter (version 2006.09.02).]
\scratchcounter=\count294
\scratchdimen=\dimen153
\scratchbox=\box53
\nofMPsegments=\count295
\nofMParguments=\count296
\everyMPshowfont=\toks21
\MPscratchCnt=\count297
\MPscratchDim=\dimen154
\MPnumerator=\count298
\makeMPintoPDFobject=\count299
\everyMPtoPDFconversion=\toks22
) (/usr/share/texmf-dist/tex/latex/epstopdf-pkg/epstopdf-base.sty
Package: epstopdf-base 2020-01-24 v2.11 Base part for package epstopdf
Package epstopdf-base Info: Redefining graphics rule for `.eps' on input line 485.
 (/usr/share/texmf-dist/tex/latex/latexconfig/epstopdf-sys.cfg
File: epstopdf-sys.cfg 2010/07/13 v1.3 Configuration of (r)epstopdf for TeX Live
))
Package caption Info: Begin \AtBeginDocument code.
Package caption Info: hyperref package is loaded.
Package caption Info: End \AtBeginDocument code.
Package hyperref Info: Link coloring OFF on input line 12.
 (/usr/share/texmf-dist/tex/latex/hyperref/nameref.sty
Package: nameref 2021-04-02 v2.47 Cross-referencing by name of section
 (/usr/share/texmf-dist/tex/latex/refcount/refcount.sty
Package: refcount 2019/12/15 v3.6 Data extraction from label references (HO)
) (/usr/share/texmf-dist/tex/generic/gettitlestring/gettitlestring.sty
Package: gettitlestring 2019/12/15 v1.6 Cleanup title references (HO)
)
\c@section@level=\count300
)
LaTeX Info: Redefining \ref on input line 12.
LaTeX Info: Redefining \pageref on input line 12.
LaTeX Info: Redefining \nameref on input line 12.
 (./report2.out) (./report2.out)
\@outlinefile=\write3
\openout3 = `report2.out'.

LaTeX Font Info:    Trying to load font information for OML+plm on input line 17.
 (/usr/share/texmf-dist/tex/latex/polski/omlplm.fd
File: omlplm.fd 2008/02/24 v1.2.1 Font defs for fonts PL (MW)
)
LaTeX Font Info:    Trying to load font information for OMS+plsy on input line 17.
 (/usr/share/texmf-dist/tex/latex/polski/omsplsy.fd
File: omsplsy.fd 2008/02/24 v1.2.1 Font defs for fonts PL (MW)
)
LaTeX Font Info:    Trying to load font information for OMX+plex on input line 17.
 (/usr/share/texmf-dist/tex/latex/polski/omxplex.fd
File: omxplex.fd 2008/02/24 v1.2.1 Font defs for fonts PL (MW)
)
LaTeX Font Info:    External font `plex10' loaded for size
(Font)              <14.4> on input line 17.
LaTeX Font Info:    External font `plex10' loaded for size
(Font)              <10> on input line 17.
LaTeX Font Info:    External font `plex10' loaded for size
(Font)              <7> on input line 17.
LaTeX Font Info:    External font `plex10' loaded for size
(Font)              <5> on input line 23.
<../plots//plotB.png, id=4, 462.528pt x 346.896pt>
File: ../plots//plotB.png Graphic file (type png)
<use ../plots//plotB.png>
Package pdftex.def Info: ../plots//plotB.png  used on input line 29.
(pdftex.def)             Requested size: 323.76738pt x 242.82553pt.
 [1


{/var/lib/texmf/fonts/map/pdftex/updmap/pdftex.map} <../plots//plotB.png>]
<../plots//plotbnfunc1.png, id=20, 462.528pt x 346.896pt>
File: ../plots//plotbnfunc1.png Graphic file (type png)
<use ../plots//plotbnfunc1.png>
Package pdftex.def Info: ../plots//plotbnfunc1.png  used on input line 40.
(pdftex.def)             Requested size: 189.75105pt x 142.31296pt.

Overfull \hbox (17.25105pt too wide) in paragraph at lines 40--41
 [][] 
 []

LaTeX Font Info:    External font `plex10' loaded for size
(Font)              <9> on input line 41.
LaTeX Font Info:    External font `plex10' loaded for size
(Font)              <6> on input line 41.
<../plots//plotbnfunc2.png, id=21, 462.528pt x 346.896pt>
File: ../plots//plotbnfunc2.png Graphic file (type png)
<use ../plots//plotbnfunc2.png>
Package pdftex.def Info: ../plots//plotbnfunc2.png  used on input line 46.
(pdftex.def)             Requested size: 189.75105pt x 142.31296pt.

Overfull \hbox (17.25105pt too wide) in paragraph at lines 46--47
 [][] 
 []

[2

 <../plots//plotbnfunc1.png> <../plots//plotbnfunc2.png>]
<../plots//plotU.png, id=34, 462.528pt x 346.896pt>
File: ../plots//plotU.png Graphic file (type png)
<use ../plots//plotU.png>
Package pdftex.def Info: ../plots//plotU.png  used on input line 64.
(pdftex.def)             Requested size: 323.76738pt x 242.82553pt.
<../plots//plotunfunc.png, id=35, 462.528pt x 346.896pt>
File: ../plots//plotunfunc.png Graphic file (type png)
<use ../plots//plotunfunc.png>
Package pdftex.def Info: ../plots//plotunfunc.png  used on input line 71.
(pdftex.def)             Requested size: 323.76738pt x 242.82553pt.
 [3

 <../plots//plotU.png>] [4 <../plots//plotunfunc.png>]
<../plots//plotL.png, id=49, 462.528pt x 346.896pt>
File: ../plots//plotL.png Graphic file (type png)
<use ../plots//plotL.png>
Package pdftex.def Info: ../plots//plotL.png  used on input line 86.
(pdftex.def)             Requested size: 323.76738pt x 242.82553pt.
<../plots//plotlnfunc1.png, id=50, 462.528pt x 346.896pt>
File: ../plots//plotlnfunc1.png Graphic file (type png)
<use ../plots//plotlnfunc1.png>
Package pdftex.def Info: ../plots//plotlnfunc1.png  used on input line 95.
(pdftex.def)             Requested size: 189.75105pt x 142.31296pt.

Overfull \hbox (17.25105pt too wide) in paragraph at lines 95--96
 [][] 
 []

<../plots//plotlnfunc2.png, id=51, 462.528pt x 346.896pt>
File: ../plots//plotlnfunc2.png Graphic file (type png)
<use ../plots//plotlnfunc2.png>
Package pdftex.def Info: ../plots//plotlnfunc2.png  used on input line 101.
(pdftex.def)             Requested size: 189.75105pt x 142.31296pt.

Overfull \hbox (17.25105pt too wide) in paragraph at lines 101--102
 [][] 
 []

<../plots//plotlnfunc3.png, id=52, 462.528pt x 346.896pt>
File: ../plots//plotlnfunc3.png Graphic file (type png)
<use ../plots//plotlnfunc3.png>
Package pdftex.def Info: ../plots//plotlnfunc3.png  used on input line 107.
(pdftex.def)             Requested size: 206.99947pt x 155.24954pt.

Overfull \hbox (34.49947pt too wide) in paragraph at lines 107--108
 [][] 
 []

[5

 <../plots//plotL.png>] [6 <../plots//plotlnfunc1.png> <../plots//plotlnfunc2.png> <../plots//plotlnfunc3.png>]
<../plots//plotC.png, id=70, 462.528pt x 346.896pt>
File: ../plots//plotC.png Graphic file (type png)
<use ../plots//plotC.png>
Package pdftex.def Info: ../plots//plotC.png  used on input line 130.
(pdftex.def)             Requested size: 323.76738pt x 242.82553pt.
<../plots//plotcnfunc1.png, id=71, 462.528pt x 346.896pt>
File: ../plots//plotcnfunc1.png Graphic file (type png)
<use ../plots//plotcnfunc1.png>
Package pdftex.def Info: ../plots//plotcnfunc1.png  used on input line 139.
(pdftex.def)             Requested size: 189.75105pt x 142.31296pt.

Overfull \hbox (17.25105pt too wide) in paragraph at lines 139--140
 [][] 
 []

<../plots//plotcnfunc2.png, id=72, 462.528pt x 346.896pt>
File: ../plots//plotcnfunc2.png Graphic file (type png)
<use ../plots//plotcnfunc2.png>
Package pdftex.def Info: ../plots//plotcnfunc2.png  used on input line 145.
(pdftex.def)             Requested size: 189.75105pt x 142.31296pt.

Overfull \hbox (17.25105pt too wide) in paragraph at lines 145--146
 [][] 
 []

<../plots//plotcnfunc3.png, id=73, 462.528pt x 346.896pt>
File: ../plots//plotcnfunc3.png Graphic file (type png)
<use ../plots//plotcnfunc3.png>
Package pdftex.def Info: ../plots//plotcnfunc3.png  used on input line 151.
(pdftex.def)             Requested size: 206.99947pt x 155.24954pt.

Overfull \hbox (34.49947pt too wide) in paragraph at lines 151--152
 [][] 
 []

[7

 <../plots//plotC.png>] [8 <../plots//plotcnfunc1.png> <../plots//plotcnfunc2.png> <../plots//plotcnfunc3.png>]
<../plots//plotD.png, id=90, 462.528pt x 346.896pt>
File: ../plots//plotD.png Graphic file (type png)
<use ../plots//plotD.png>
Package pdftex.def Info: ../plots//plotD.png  used on input line 169.
(pdftex.def)             Requested size: 323.76738pt x 242.82553pt.
<../plots//plotdnfunc1.png, id=91, 462.528pt x 346.896pt>
File: ../plots//plotdnfunc1.png Graphic file (type png)
<use ../plots//plotdnfunc1.png>
Package pdftex.def Info: ../plots//plotdnfunc1.png  used on input line 178.
(pdftex.def)             Requested size: 189.75105pt x 142.31296pt.

Overfull \hbox (17.25105pt too wide) in paragraph at lines 178--179
 [][] 
 []

<../plots//plotdnfunc2.png, id=92, 462.528pt x 346.896pt>
File: ../plots//plotdnfunc2.png Graphic file (type png)
<use ../plots//plotdnfunc2.png>
Package pdftex.def Info: ../plots//plotdnfunc2.png  used on input line 184.
(pdftex.def)             Requested size: 189.75105pt x 142.31296pt.

Overfull \hbox (17.25105pt too wide) in paragraph at lines 184--185
 [][] 
 []

<../plots//plotdnfunc3.png, id=93, 462.528pt x 346.896pt>
File: ../plots//plotdnfunc3.png Graphic file (type png)
<use ../plots//plotdnfunc3.png>
Package pdftex.def Info: ../plots//plotdnfunc3.png  used on input line 190.
(pdftex.def)             Requested size: 206.99947pt x 155.24954pt.

Overfull \hbox (34.49947pt too wide) in paragraph at lines 190--191
 [][] 
 []

[9

 <../plots//plotD.png>] [10 <../plots//plotdnfunc1.png> <../plots//plotdnfunc2.png> <../plots//plotdnfunc3.png>]
<../plots//plotD-C.png, id=109, 462.528pt x 346.896pt>
File: ../plots//plotD-C.png Graphic file (type png)
<use ../plots//plotD-C.png>
Package pdftex.def Info: ../plots//plotD-C.png  used on input line 209.
(pdftex.def)             Requested size: 323.76738pt x 242.82553pt.
<../plots//plotdn-cnfunc1.png, id=110, 462.528pt x 346.896pt>
File: ../plots//plotdn-cnfunc1.png Graphic file (type png)
<use ../plots//plotdn-cnfunc1.png>
Package pdftex.def Info: ../plots//plotdn-cnfunc1.png  used on input line 218.
(pdftex.def)             Requested size: 189.75105pt x 142.31296pt.

Overfull \hbox (17.25105pt too wide) in paragraph at lines 218--219
 [][] 
 []

<../plots//plotdn-cnfunc2.png, id=111, 462.528pt x 346.896pt>
File: ../plots//plotdn-cnfunc2.png Graphic file (type png)
<use ../plots//plotdn-cnfunc2.png>
Package pdftex.def Info: ../plots//plotdn-cnfunc2.png  used on input line 224.
(pdftex.def)             Requested size: 189.75105pt x 142.31296pt.

Overfull \hbox (17.25105pt too wide) in paragraph at lines 224--225
 [][] 
 []

<../plots//plotdn-cnfunc3.png, id=112, 462.528pt x 346.896pt>
File: ../plots//plotdn-cnfunc3.png Graphic file (type png)
<use ../plots//plotdn-cnfunc3.png>
Package pdftex.def Info: ../plots//plotdn-cnfunc3.png  used on input line 230.
(pdftex.def)             Requested size: 206.99947pt x 155.24954pt.

Overfull \hbox (34.49947pt too wide) in paragraph at lines 230--231
 [][] 
 []

[11

 <../plots//plotD-C.png>] [12 <../plots//plotdn-cnfunc1.png> <../plots//plotdn-cnfunc2.png> <../plots//plotdn-cnfunc3.png>] [13

] (./report2.aux)
Package rerunfilecheck Info: File `report2.out' has not changed.
(rerunfilecheck)             Checksum: D41D8CD98F00B204E9800998ECF8427E;0.
 ) 
Here is how much of TeX's memory you used:
 10375 strings out of 478238
 171393 string characters out of 5850455
 449204 words of memory out of 5000000
 28435 multiletter control sequences out of 15000+600000
 476901 words of font info for 48 fonts, out of 8000000 for 9000
 1141 hyphenation exceptions out of 8191
 60i,9n,63p,302b,544s stack positions out of 5000i,500n,10000p,200000b,80000s
{/usr/share/texmf-dist/fonts/enc/dvips/pl/plsc.enc}{/usr/share/texmf-dist/fonts/enc/dvips/pl/plrm.enc}{/usr/share/texmf-dist/fonts/enc/dvips/pl/plms.enc}{/usr/share/texmf-dist/fonts/enc/dvips/pl/plmi.enc}</usr/share/texmf-dist/fonts/type1/public/pl/plbx12.pfb></usr/share/texmf-dist/fonts/type1/public/pl/plmi10.pfb></usr/share/texmf-dist/fonts/type1/public/pl/plmi12.pfb></usr/share/texmf-dist/fonts/type1/public/pl/plmi5.pfb></usr/share/texmf-dist/fonts/type1/public/pl/plmi6.pfb></usr/share/texmf-dist/fonts/type1/public/pl/plmi7.pfb></usr/share/texmf-dist/fonts/type1/public/pl/plr10.pfb></usr/share/texmf-dist/fonts/type1/public/pl/plr12.pfb></usr/share/texmf-dist/fonts/type1/public/pl/plr5.pfb></usr/share/texmf-dist/fonts/type1/public/pl/plr6.pfb></usr/share/texmf-dist/fonts/type1/public/pl/plr9.pfb></usr/share/texmf-dist/fonts/type1/public/pl/plsy10.pfb></usr/share/texmf-dist/fonts/type1/public/pl/plsy6.pfb>
Output written on report2.pdf (13 pages, 407656 bytes).
PDF statistics:
 202 PDF objects out of 1000 (max. 8388607)
 117 compressed objects within 2 object streams
 33 named destinations out of 1000 (max. 500000)
 106 words of extra memory for PDF output out of 10000 (max. 10000000)

