This is pdfTeX, Version 3.141592653-2.6-1.40.24 (TeX Live 2022/Arch Linux) (preloaded format=pdflatex 2022.12.11)  31 JAN 2023 23:49
entering extended mode
 restricted \write18 enabled.
 file:line:error style messages enabled.
 %&-line parsing enabled.
**/home/jabuk/Studia/semester3/statistics/report4/report/report4.tex
(/home/jabuk/Studia/semester3/statistics/report4/report/report4.tex
LaTeX2e <2021-11-15> patch level 1
L3 programming layer <2022-04-10> (/usr/share/texmf-dist/tex/latex/base/article.cls
Document Class: article 2021/10/04 v1.4n Standard LaTeX document class
(/usr/share/texmf-dist/tex/latex/base/size10.clo
File: size10.clo 2021/10/04 v1.4n Standard LaTeX file (size option)
)
\c@part=\count185
\c@section=\count186
\c@subsection=\count187
\c@subsubsection=\count188
\c@paragraph=\count189
\c@subparagraph=\count190
\c@figure=\count191
\c@table=\count192
\abovecaptionskip=\skip47
\belowcaptionskip=\skip48
\bibindent=\dimen138
) (/usr/share/texmf-dist/tex/latex/polski/polski.sty
Package: polski 2021/08/25 v1.3.6 Polish language package

   Switching to Polish text encoding and Polish maths fonts.
(/usr/share/texmf-dist/tex/latex/base/ot4enc.def
File: ot4enc.def 2021/04/29 v2.0v Standard LaTeX file
Now handling font encoding OT4 ...
... no UTF-8 mapping file for font encoding OT4
)
LaTeX Font Info:    Trying to load font information for OT4+cmr on input line 362.
 (/usr/share/texmf-dist/tex/latex/polski/ot4cmr.fd
File: ot4cmr.fd 2008/02/24 v1.2.1 Font defs for fonts PL (MW)
)
LaTeX Font Info:    Overwriting math alphabet `\mathbf' in version `normal'
(Font)                  OT1/cmr/bx/n --> OT4/cmr/bx/n on input line 362.
LaTeX Font Info:    Overwriting math alphabet `\mathsf' in version `normal'
(Font)                  OT1/cmss/m/n --> OT4/cmss/m/n on input line 362.
LaTeX Font Info:    Overwriting math alphabet `\mathit' in version `normal'
(Font)                  OT1/cmr/m/it --> OT4/cmr/m/it on input line 362.
LaTeX Font Info:    Overwriting math alphabet `\mathtt' in version `normal'
(Font)                  OT1/cmtt/m/n --> OT4/cmtt/m/n on input line 362.
LaTeX Font Info:    Overwriting math alphabet `\mathsf' in version `bold'
(Font)                  OT1/cmss/bx/n --> OT4/cmss/bx/n on input line 362.
LaTeX Font Info:    Overwriting math alphabet `\mathit' in version `bold'
(Font)                  OT1/cmr/bx/it --> OT4/cmr/bx/it on input line 362.
LaTeX Font Info:    Encoding `OT1' has changed to `OT4' for symbol font
(Font)              `operators' in the math version `normal' on input line 362.
LaTeX Font Info:    Overwriting symbol font `operators' in version `normal'
(Font)                  OT1/cmr/m/n --> OT4/cmr/m/n on input line 362.
LaTeX Font Info:    Overwriting symbol font `letters' in version `normal'
(Font)                  OML/cmm/m/it --> OML/plm/m/it on input line 362.
LaTeX Font Info:    Overwriting symbol font `symbols' in version `normal'
(Font)                  OMS/cmsy/m/n --> OMS/plsy/m/n on input line 362.
LaTeX Font Info:    Overwriting symbol font `largesymbols' in version `normal'
(Font)                  OMX/cmex/m/n --> OMX/plex/m/n on input line 362.
LaTeX Font Info:    Encoding `OT1' has changed to `OT4' for symbol font
(Font)              `operators' in the math version `bold' on input line 362.
LaTeX Font Info:    Overwriting symbol font `operators' in version `bold'
(Font)                  OT1/cmr/bx/n --> OT4/cmr/bx/n on input line 362.
LaTeX Font Info:    Overwriting symbol font `letters' in version `bold'
(Font)                  OML/cmm/b/it --> OML/plm/b/it on input line 362.
LaTeX Font Info:    Overwriting symbol font `symbols' in version `bold'
(Font)                  OMS/cmsy/b/n --> OMS/plsy/b/n on input line 362.
) (/usr/share/texmf-dist/tex/latex/base/inputenc.sty
Package: inputenc 2021/02/14 v1.3d Input encoding file
\inpenc@prehook=\toks16
\inpenc@posthook=\toks17
) (/usr/share/texmf-dist/tex/latex/float/float.sty
Package: float 2001/11/08 v1.3d Float enhancements (AL)
\c@float@type=\count193
\float@exts=\toks18
\float@box=\box50
\@float@everytoks=\toks19
\@floatcapt=\box51
) (/usr/share/texmf-dist/tex/latex/graphics/graphicx.sty
Package: graphicx 2021/09/16 v1.2d Enhanced LaTeX Graphics (DPC,SPQR)
 (/usr/share/texmf-dist/tex/latex/graphics/keyval.sty
Package: keyval 2014/10/28 v1.15 key=value parser (DPC)
\KV@toks@=\toks20
) (/usr/share/texmf-dist/tex/latex/graphics/graphics.sty
Package: graphics 2021/03/04 v1.4d Standard LaTeX Graphics (DPC,SPQR)
 (/usr/share/texmf-dist/tex/latex/graphics/trig.sty
Package: trig 2021/08/11 v1.11 sin cos tan (DPC)
) (/usr/share/texmf-dist/tex/latex/graphics-cfg/graphics.cfg
File: graphics.cfg 2016/06/04 v1.11 sample graphics configuration
)
Package graphics Info: Driver file: pdftex.def on input line 107.
 (/usr/share/texmf-dist/tex/latex/graphics-def/pdftex.def
File: pdftex.def 2020/10/05 v1.2a Graphics/color driver for pdftex
))
\Gin@req@height=\dimen139
\Gin@req@width=\dimen140
) (/usr/share/texmf-dist/tex/latex/caption/caption.sty
Package: caption 2022/03/01 v3.6b Customizing captions (AR)
 (/usr/share/texmf-dist/tex/latex/caption/caption3.sty
Package: caption3 2022/03/17 v2.3b caption3 kernel (AR)
\caption@tempdima=\dimen141
\captionmargin=\dimen142
\caption@leftmargin=\dimen143
\caption@rightmargin=\dimen144
\caption@width=\dimen145
\caption@indent=\dimen146
\caption@parindent=\dimen147
\caption@hangindent=\dimen148
Package caption Info: Standard document class detected.
)
\c@caption@flags=\count194
\c@continuedfloat=\count195
Package caption Info: float package is loaded.
) (/usr/share/texmf-dist/tex/latex/caption/subcaption.sty
Package: subcaption 2022/01/07 v1.5 Sub-captions (AR)
\c@subfigure=\count196
\c@subtable=\count197
) (/usr/share/texmf-dist/tex/latex/ragged2e/ragged2e.sty
Package: ragged2e 2021/12/15 v3.1 ragged2e Package
\CenteringLeftskip=\skip49
\RaggedLeftLeftskip=\skip50
\RaggedRightLeftskip=\skip51
\CenteringRightskip=\skip52
\RaggedLeftRightskip=\skip53
\RaggedRightRightskip=\skip54
\CenteringParfillskip=\skip55
\RaggedLeftParfillskip=\skip56
\RaggedRightParfillskip=\skip57
\JustifyingParfillskip=\skip58
\CenteringParindent=\skip59
\RaggedLeftParindent=\skip60
\RaggedRightParindent=\skip61
\JustifyingParindent=\skip62
) (/usr/share/texmf-dist/tex/latex/blindtext/blindtext.sty
Package: blindtext 2012/01/06 V2.0 blindtext-Package
 (/usr/share/texmf-dist/tex/latex/tools/xspace.sty
Package: xspace 2014/10/28 v1.13 Space after command names (DPC,MH)
)
\c@blindtext=\count198
\c@Blindtext=\count199
\c@blind@countparstart=\count266
\blind@countxx=\count267
\blindtext@numBlindtext=\count268
\blind@countyy=\count269
\c@blindlist=\count270
\c@blindlistlevel=\count271
\c@blindlist@level=\count272
\blind@listitem=\count273
\c@blind@listcount=\count274
\c@blind@levelcount=\count275
\blind@mathformula=\count276
\blind@Mathformula=\count277
\c@blind@randomcount=\count278
\c@blind@randommax=\count279
\c@blind@pangramcount=\count280
\c@blind@pangrammax=\count281
) (/usr/share/texmf-dist/tex/latex/hyperref/hyperref.sty
Package: hyperref 2022-02-21 v7.00n Hypertext links for LaTeX
 (/usr/share/texmf-dist/tex/generic/ltxcmds/ltxcmds.sty
Package: ltxcmds 2020-05-10 v1.25 LaTeX kernel commands for general use (HO)
) (/usr/share/texmf-dist/tex/generic/iftex/iftex.sty
Package: iftex 2022/02/03 v1.0f TeX engine tests
) (/usr/share/texmf-dist/tex/generic/pdftexcmds/pdftexcmds.sty
Package: pdftexcmds 2020-06-27 v0.33 Utility functions of pdfTeX for LuaTeX (HO)
 (/usr/share/texmf-dist/tex/generic/infwarerr/infwarerr.sty
Package: infwarerr 2019/12/03 v1.5 Providing info/warning/error messages (HO)
)
Package pdftexcmds Info: \pdf@primitive is available.
Package pdftexcmds Info: \pdf@ifprimitive is available.
Package pdftexcmds Info: \pdfdraftmode found.
) (/usr/share/texmf-dist/tex/generic/kvsetkeys/kvsetkeys.sty
Package: kvsetkeys 2019/12/15 v1.18 Key value parser (HO)
) (/usr/share/texmf-dist/tex/generic/kvdefinekeys/kvdefinekeys.sty
Package: kvdefinekeys 2019-12-19 v1.6 Define keys (HO)
) (/usr/share/texmf-dist/tex/generic/pdfescape/pdfescape.sty
Package: pdfescape 2019/12/09 v1.15 Implements pdfTeX's escape features (HO)
) (/usr/share/texmf-dist/tex/latex/hycolor/hycolor.sty
Package: hycolor 2020-01-27 v1.10 Color options for hyperref/bookmark (HO)
) (/usr/share/texmf-dist/tex/latex/letltxmacro/letltxmacro.sty
Package: letltxmacro 2019/12/03 v1.6 Let assignment for LaTeX macros (HO)
) (/usr/share/texmf-dist/tex/latex/auxhook/auxhook.sty
Package: auxhook 2019-12-17 v1.6 Hooks for auxiliary files (HO)
) (/usr/share/texmf-dist/tex/latex/kvoptions/kvoptions.sty
Package: kvoptions 2020-10-07 v3.14 Key value format for package options (HO)
)
\@linkdim=\dimen149
\Hy@linkcounter=\count282
\Hy@pagecounter=\count283
 (/usr/share/texmf-dist/tex/latex/hyperref/pd1enc.def
File: pd1enc.def 2022-02-21 v7.00n Hyperref: PDFDocEncoding definition (HO)
Now handling font encoding PD1 ...
... no UTF-8 mapping file for font encoding PD1
) (/usr/share/texmf-dist/tex/generic/intcalc/intcalc.sty
Package: intcalc 2019/12/15 v1.3 Expandable calculations with integers (HO)
) (/usr/share/texmf-dist/tex/generic/etexcmds/etexcmds.sty
Package: etexcmds 2019/12/15 v1.7 Avoid name clashes with e-TeX commands (HO)
)
\Hy@SavedSpaceFactor=\count284
 (/usr/share/texmf-dist/tex/latex/hyperref/puenc.def
File: puenc.def 2022-02-21 v7.00n Hyperref: PDF Unicode definition (HO)
Now handling font encoding PU ...
... no UTF-8 mapping file for font encoding PU
)
Package hyperref Info: Hyper figures OFF on input line 4137.
Package hyperref Info: Link nesting OFF on input line 4142.
Package hyperref Info: Hyper index ON on input line 4145.
Package hyperref Info: Plain pages OFF on input line 4152.
Package hyperref Info: Backreferencing OFF on input line 4157.
Package hyperref Info: Implicit mode ON; LaTeX internals redefined.
Package hyperref Info: Bookmarks ON on input line 4390.
\c@Hy@tempcnt=\count285
 (/usr/share/texmf-dist/tex/latex/url/url.sty
\Urlmuskip=\muskip16
Package: url 2013/09/16  ver 3.4  Verb mode for urls, etc.
)
LaTeX Info: Redefining \url on input line 4749.
\XeTeXLinkMargin=\dimen150
 (/usr/share/texmf-dist/tex/generic/bitset/bitset.sty
Package: bitset 2019/12/09 v1.3 Handle bit-vector datatype (HO)
 (/usr/share/texmf-dist/tex/generic/bigintcalc/bigintcalc.sty
Package: bigintcalc 2019/12/15 v1.5 Expandable calculations on big integers (HO)
))
\Fld@menulength=\count286
\Field@Width=\dimen151
\Fld@charsize=\dimen152
Package hyperref Info: Hyper figures OFF on input line 6027.
Package hyperref Info: Link nesting OFF on input line 6032.
Package hyperref Info: Hyper index ON on input line 6035.
Package hyperref Info: backreferencing OFF on input line 6042.
Package hyperref Info: Link coloring OFF on input line 6047.
Package hyperref Info: Link coloring with OCG OFF on input line 6052.
Package hyperref Info: PDF/A mode OFF on input line 6057.
LaTeX Info: Redefining \ref on input line 6097.
LaTeX Info: Redefining \pageref on input line 6101.
 (/usr/share/texmf-dist/tex/latex/base/atbegshi-ltx.sty
Package: atbegshi-ltx 2021/01/10 v1.0c Emulation of the original atbegshi
package with kernel methods
)
\Hy@abspage=\count287
\c@Item=\count288
\c@Hfootnote=\count289
)
Package hyperref Info: Driver (autodetected): hpdftex.
 (/usr/share/texmf-dist/tex/latex/hyperref/hpdftex.def
File: hpdftex.def 2022-02-21 v7.00n Hyperref driver for pdfTeX
 (/usr/share/texmf-dist/tex/latex/base/atveryend-ltx.sty
Package: atveryend-ltx 2020/08/19 v1.0a Emulation of the original atveryend package
with kernel methods
)
\Fld@listcount=\count290
\c@bookmark@seq@number=\count291
 (/usr/share/texmf-dist/tex/latex/rerunfilecheck/rerunfilecheck.sty
Package: rerunfilecheck 2019/12/05 v1.9 Rerun checks for auxiliary files (HO)
 (/usr/share/texmf-dist/tex/generic/uniquecounter/uniquecounter.sty
Package: uniquecounter 2019/12/15 v1.4 Provide unlimited unique counter (HO)
)
Package uniquecounter Info: New unique counter `rerunfilecheck' on input line 286.
)
\Hy@SectionHShift=\skip63
) (/usr/share/texmf-dist/tex/latex/amsmath/amsmath.sty
Package: amsmath 2021/10/15 v2.17l AMS math features
\@mathmargin=\skip64

For additional information on amsmath, use the `?' option.
(/usr/share/texmf-dist/tex/latex/amsmath/amstext.sty
Package: amstext 2021/08/26 v2.01 AMS text
 (/usr/share/texmf-dist/tex/latex/amsmath/amsgen.sty
File: amsgen.sty 1999/11/30 v2.0 generic functions
\@emptytoks=\toks21
\ex@=\dimen153
)) (/usr/share/texmf-dist/tex/latex/amsmath/amsbsy.sty
Package: amsbsy 1999/11/29 v1.2d Bold Symbols
\pmbraise@=\dimen154
) (/usr/share/texmf-dist/tex/latex/amsmath/amsopn.sty
Package: amsopn 2021/08/26 v2.02 operator names
)
\inf@bad=\count292
LaTeX Info: Redefining \frac on input line 234.
\uproot@=\count293
\leftroot@=\count294
LaTeX Info: Redefining \overline on input line 399.
\classnum@=\count295
\DOTSCASE@=\count296
LaTeX Info: Redefining \ldots on input line 496.
LaTeX Info: Redefining \dots on input line 499.
LaTeX Info: Redefining \cdots on input line 620.
\Mathstrutbox@=\box52
\strutbox@=\box53
\big@size=\dimen155
LaTeX Font Info:    Redeclaring font encoding OML on input line 743.
LaTeX Font Info:    Redeclaring font encoding OMS on input line 744.
\macc@depth=\count297
\c@MaxMatrixCols=\count298
\dotsspace@=\muskip17
\c@parentequation=\count299
\dspbrk@lvl=\count300
\tag@help=\toks22
\row@=\count301
\column@=\count302
\maxfields@=\count303
\andhelp@=\toks23
\eqnshift@=\dimen156
\alignsep@=\dimen157
\tagshift@=\dimen158
\tagwidth@=\dimen159
\totwidth@=\dimen160
\lineht@=\dimen161
\@envbody=\toks24
\multlinegap=\skip65
\multlinetaggap=\skip66
\mathdisplay@stack=\toks25
LaTeX Info: Redefining \[ on input line 2938.
LaTeX Info: Redefining \] on input line 2939.
) (/usr/share/texmf-dist/tex/latex/amsfonts/amssymb.sty
Package: amssymb 2013/01/14 v3.01 AMS font symbols
 (/usr/share/texmf-dist/tex/latex/amsfonts/amsfonts.sty
Package: amsfonts 2013/01/14 v3.01 Basic AMSFonts support
\symAMSa=\mathgroup4
\symAMSb=\mathgroup5
LaTeX Font Info:    Redeclaring math symbol \hbar on input line 98.
LaTeX Font Info:    Overwriting math alphabet `\mathfrak' in version `bold'
(Font)                  U/euf/m/n --> U/euf/b/n on input line 106.
)) (/usr/share/texmf-dist/tex/latex/l3backend/l3backend-pdftex.def
File: l3backend-pdftex.def 2022-04-14 L3 backend support: PDF output (pdfTeX)
\l__color_backend_stack_int=\count304
\l__pdf_internal_box=\box54
) (./report4.aux

LaTeX Warning: Label `fig:bn' multiply defined.

)
\openout1 = `report4.aux'.

LaTeX Font Info:    Checking defaults for OML/cmm/m/it on input line 14.
LaTeX Font Info:    ... okay on input line 14.
LaTeX Font Info:    Checking defaults for OMS/cmsy/m/n on input line 14.
LaTeX Font Info:    ... okay on input line 14.
LaTeX Font Info:    Checking defaults for OT1/cmr/m/n on input line 14.
LaTeX Font Info:    ... okay on input line 14.
LaTeX Font Info:    Checking defaults for T1/cmr/m/n on input line 14.
LaTeX Font Info:    ... okay on input line 14.
LaTeX Font Info:    Checking defaults for TS1/cmr/m/n on input line 14.
LaTeX Font Info:    ... okay on input line 14.
LaTeX Font Info:    Checking defaults for OMX/cmex/m/n on input line 14.
LaTeX Font Info:    ... okay on input line 14.
LaTeX Font Info:    Checking defaults for U/cmr/m/n on input line 14.
LaTeX Font Info:    ... okay on input line 14.
LaTeX Font Info:    Checking defaults for OT4/cmr/m/n on input line 14.
LaTeX Font Info:    ... okay on input line 14.
LaTeX Font Info:    Checking defaults for PD1/pdf/m/n on input line 14.
LaTeX Font Info:    ... okay on input line 14.
LaTeX Font Info:    Checking defaults for PU/pdf/m/n on input line 14.
LaTeX Font Info:    ... okay on input line 14.
 (/usr/share/texmf-dist/tex/context/base/mkii/supp-pdf.mkii
[Loading MPS to PDF converter (version 2006.09.02).]
\scratchcounter=\count305
\scratchdimen=\dimen162
\scratchbox=\box55
\nofMPsegments=\count306
\nofMParguments=\count307
\everyMPshowfont=\toks26
\MPscratchCnt=\count308
\MPscratchDim=\dimen163
\MPnumerator=\count309
\makeMPintoPDFobject=\count310
\everyMPtoPDFconversion=\toks27
) (/usr/share/texmf-dist/tex/latex/epstopdf-pkg/epstopdf-base.sty
Package: epstopdf-base 2020-01-24 v2.11 Base part for package epstopdf
Package epstopdf-base Info: Redefining graphics rule for `.eps' on input line 485.
 (/usr/share/texmf-dist/tex/latex/latexconfig/epstopdf-sys.cfg
File: epstopdf-sys.cfg 2010/07/13 v1.3 Configuration of (r)epstopdf for TeX Live
))
Package caption Info: Begin \AtBeginDocument code.
Package caption Info: hyperref package is loaded.
Package caption Info: End \AtBeginDocument code.
Package hyperref Info: Link coloring OFF on input line 14.
 (/usr/share/texmf-dist/tex/latex/hyperref/nameref.sty
Package: nameref 2021-04-02 v2.47 Cross-referencing by name of section
 (/usr/share/texmf-dist/tex/latex/refcount/refcount.sty
Package: refcount 2019/12/15 v3.6 Data extraction from label references (HO)
) (/usr/share/texmf-dist/tex/generic/gettitlestring/gettitlestring.sty
Package: gettitlestring 2019/12/15 v1.6 Cleanup title references (HO)
)
\c@section@level=\count311
)
LaTeX Info: Redefining \ref on input line 14.
LaTeX Info: Redefining \pageref on input line 14.
LaTeX Info: Redefining \nameref on input line 14.
 (./report4.out) (./report4.out)
\@outlinefile=\write3
\openout3 = `report4.out'.

<../plots//clique.png, id=28, 462.528pt x 346.896pt>
File: ../plots//clique.png Graphic file (type png)
<use ../plots//clique.png>
Package pdftex.def Info: ../plots//clique.png  used on input line 21.
(pdftex.def)             Requested size: 172.5pt x 129.37639pt.
<../plots//clique_n.png, id=30, 462.528pt x 346.896pt>
File: ../plots//clique_n.png Graphic file (type png)
<use ../plots//clique_n.png>
Package pdftex.def Info: ../plots//clique_n.png  used on input line 28.
(pdftex.def)             Requested size: 163.8771pt x 122.9081pt.
LaTeX Font Info:    Trying to load font information for OML+plm on input line 29.
 (/usr/share/texmf-dist/tex/latex/polski/omlplm.fd
File: omlplm.fd 2008/02/24 v1.2.1 Font defs for fonts PL (MW)
)
LaTeX Font Info:    Trying to load font information for OMS+plsy on input line 29.
 (/usr/share/texmf-dist/tex/latex/polski/omsplsy.fd
File: omsplsy.fd 2008/02/24 v1.2.1 Font defs for fonts PL (MW)
)
LaTeX Font Info:    Trying to load font information for OMX+plex on input line 29.
 (/usr/share/texmf-dist/tex/latex/polski/omxplex.fd
File: omxplex.fd 2008/02/24 v1.2.1 Font defs for fonts PL (MW)
)
LaTeX Font Info:    External font `plex10' loaded for size
(Font)              <9> on input line 29.
LaTeX Font Info:    External font `plex10' loaded for size
(Font)              <6> on input line 29.
LaTeX Font Info:    External font `plex10' loaded for size
(Font)              <5> on input line 29.
LaTeX Font Info:    Trying to load font information for U+msa on input line 29.
 (/usr/share/texmf-dist/tex/latex/amsfonts/umsa.fd
File: umsa.fd 2013/01/14 v3.01 AMS symbols A
)
LaTeX Font Info:    Trying to load font information for U+msb on input line 29.
 (/usr/share/texmf-dist/tex/latex/amsfonts/umsb.fd
File: umsb.fd 2013/01/14 v3.01 AMS symbols B
)
<../plots//clique_nlnn.png, id=31, 462.528pt x 346.896pt>
File: ../plots//clique_nlnn.png Graphic file (type png)
<use ../plots//clique_nlnn.png>
Package pdftex.def Info: ../plots//clique_nlnn.png  used on input line 34.
(pdftex.def)             Requested size: 163.8771pt x 122.9081pt.
<../plots//clique_nn.png, id=32, 462.528pt x 346.896pt>
File: ../plots//clique_nn.png Graphic file (type png)
<use ../plots//clique_nn.png>
Package pdftex.def Info: ../plots//clique_nn.png  used on input line 41.
(pdftex.def)             Requested size: 163.8771pt x 122.9081pt.
<../plots//clique_nnn.png, id=33, 462.528pt x 346.896pt>
File: ../plots//clique_nnn.png Graphic file (type png)
<use ../plots//clique_nnn.png>
Package pdftex.def Info: ../plots//clique_nnn.png  used on input line 47.
(pdftex.def)             Requested size: 163.8771pt x 122.9081pt.
LaTeX Font Info:    External font `plex10' loaded for size
(Font)              <10> on input line 54.
LaTeX Font Info:    External font `plex10' loaded for size
(Font)              <7> on input line 54.
 [1


{/var/lib/texmf/fonts/map/pdftex/updmap/pdftex.map} <../plots//clique.png> <../plots//clique_n.png> <../plots//clique_nlnn.png> <../plots//clique_nn.png> <../plots//clique_nnn.png>]
<../plots//path.png, id=53, 462.528pt x 346.896pt>
File: ../plots//path.png Graphic file (type png)
<use ../plots//path.png>
Package pdftex.def Info: ../plots//path.png  used on input line 59.
(pdftex.def)             Requested size: 172.5pt x 129.37639pt.
<../plots//path_n.png, id=54, 462.528pt x 346.896pt>
File: ../plots//path_n.png Graphic file (type png)
<use ../plots//path_n.png>
Package pdftex.def Info: ../plots//path_n.png  used on input line 66.
(pdftex.def)             Requested size: 163.8771pt x 122.9081pt.
<../plots//path_nlnn.png, id=55, 462.528pt x 346.896pt>
File: ../plots//path_nlnn.png Graphic file (type png)
<use ../plots//path_nlnn.png>
Package pdftex.def Info: ../plots//path_nlnn.png  used on input line 72.
(pdftex.def)             Requested size: 163.8771pt x 122.9081pt.
<../plots//path_nn.png, id=56, 462.528pt x 346.896pt>
File: ../plots//path_nn.png Graphic file (type png)
<use ../plots//path_nn.png>
Package pdftex.def Info: ../plots//path_nn.png  used on input line 79.
(pdftex.def)             Requested size: 163.8771pt x 122.9081pt.
<../plots//path_nnn.png, id=57, 462.528pt x 346.896pt>
File: ../plots//path_nnn.png Graphic file (type png)
<use ../plots//path_nnn.png>
Package pdftex.def Info: ../plots//path_nnn.png  used on input line 85.
(pdftex.def)             Requested size: 163.8771pt x 122.9081pt.
 [2

 <../plots//path.png> <../plots//path_n.png> <../plots//path_nlnn.png> <../plots//path_nn.png> <../plots//path_nnn.png>]
<../plots//path_beginning.png, id=70, 462.528pt x 346.896pt>
File: ../plots//path_beginning.png Graphic file (type png)
<use ../plots//path_beginning.png>
Package pdftex.def Info: ../plots//path_beginning.png  used on input line 97.
(pdftex.def)             Requested size: 172.5pt x 129.37639pt.
<../plots//path_beginning_n.png, id=71, 462.528pt x 346.896pt>
File: ../plots//path_beginning_n.png Graphic file (type png)
<use ../plots//path_beginning_n.png>
Package pdftex.def Info: ../plots//path_beginning_n.png  used on input line 104.
(pdftex.def)             Requested size: 163.8771pt x 122.9081pt.
<../plots//path_beginning_nlnn.png, id=72, 462.528pt x 346.896pt>
File: ../plots//path_beginning_nlnn.png Graphic file (type png)
<use ../plots//path_beginning_nlnn.png>
Package pdftex.def Info: ../plots//path_beginning_nlnn.png  used on input line 110.
(pdftex.def)             Requested size: 163.8771pt x 122.9081pt.
<../plots//path_beginning_nn.png, id=73, 462.528pt x 346.896pt>
File: ../plots//path_beginning_nn.png Graphic file (type png)
<use ../plots//path_beginning_nn.png>
Package pdftex.def Info: ../plots//path_beginning_nn.png  used on input line 117.
(pdftex.def)             Requested size: 163.8771pt x 122.9081pt.
<../plots//path_beginning_nnn.png, id=74, 462.528pt x 346.896pt>
File: ../plots//path_beginning_nnn.png Graphic file (type png)
<use ../plots//path_beginning_nnn.png>
Package pdftex.def Info: ../plots//path_beginning_nnn.png  used on input line 123.
(pdftex.def)             Requested size: 163.8771pt x 122.9081pt.
 [3

 <../plots//path_beginning.png> <../plots//path_beginning_n.png> <../plots//path_beginning_nlnn.png> <../plots//path_beginning_nn.png> <../plots//path_beginning_nnn.png>]
<../plots//binary_tree.png, id=86, 462.528pt x 346.896pt>
File: ../plots//binary_tree.png Graphic file (type png)
<use ../plots//binary_tree.png>
Package pdftex.def Info: ../plots//binary_tree.png  used on input line 135.
(pdftex.def)             Requested size: 172.5pt x 129.37639pt.
<../plots//binary_tree_n.png, id=87, 462.528pt x 346.896pt>
File: ../plots//binary_tree_n.png Graphic file (type png)
<use ../plots//binary_tree_n.png>
Package pdftex.def Info: ../plots//binary_tree_n.png  used on input line 142.
(pdftex.def)             Requested size: 163.8771pt x 122.9081pt.
<../plots//binary_tree_nlnnlnn.png, id=88, 462.528pt x 346.896pt>
File: ../plots//binary_tree_nlnnlnn.png Graphic file (type png)
<use ../plots//binary_tree_nlnnlnn.png>
Package pdftex.def Info: ../plots//binary_tree_nlnnlnn.png  used on input line 148.
(pdftex.def)             Requested size: 163.8771pt x 122.9081pt.
<../plots//binary_tree_nn.png, id=89, 462.528pt x 346.896pt>
File: ../plots//binary_tree_nn.png Graphic file (type png)
<use ../plots//binary_tree_nn.png>
Package pdftex.def Info: ../plots//binary_tree_nn.png  used on input line 155.
(pdftex.def)             Requested size: 163.8771pt x 122.9081pt.
<../plots//binary_tree_nnn.png, id=90, 462.528pt x 346.896pt>
File: ../plots//binary_tree_nnn.png Graphic file (type png)
<use ../plots//binary_tree_nnn.png>
Package pdftex.def Info: ../plots//binary_tree_nnn.png  used on input line 161.
(pdftex.def)             Requested size: 163.8771pt x 122.9081pt.
 [4

 <../plots//binary_tree.png> <../plots//binary_tree_n.png> <../plots//binary_tree_nlnnlnn.png> <../plots//binary_tree_nn.png> <../plots//binary_tree_nnn.png>]
<../plots//lollipop.png, id=102, 462.528pt x 346.896pt>
File: ../plots//lollipop.png Graphic file (type png)
<use ../plots//lollipop.png>
Package pdftex.def Info: ../plots//lollipop.png  used on input line 174.
(pdftex.def)             Requested size: 172.5pt x 129.37639pt.
<../plots//lollipop_n.png, id=103, 462.528pt x 346.896pt>
File: ../plots//lollipop_n.png Graphic file (type png)
<use ../plots//lollipop_n.png>
Package pdftex.def Info: ../plots//lollipop_n.png  used on input line 181.
(pdftex.def)             Requested size: 163.8771pt x 122.9081pt.
<../plots//lollipop_nlnn.png, id=104, 462.528pt x 346.896pt>
File: ../plots//lollipop_nlnn.png Graphic file (type png)
<use ../plots//lollipop_nlnn.png>
Package pdftex.def Info: ../plots//lollipop_nlnn.png  used on input line 187.
(pdftex.def)             Requested size: 163.8771pt x 122.9081pt.
<../plots//lollipop_nn.png, id=105, 462.528pt x 346.896pt>
File: ../plots//lollipop_nn.png Graphic file (type png)
<use ../plots//lollipop_nn.png>
Package pdftex.def Info: ../plots//lollipop_nn.png  used on input line 194.
(pdftex.def)             Requested size: 163.8771pt x 122.9081pt.
<../plots//lollipop_nnn.png, id=106, 462.528pt x 346.896pt>
File: ../plots//lollipop_nnn.png Graphic file (type png)
<use ../plots//lollipop_nnn.png>
Package pdftex.def Info: ../plots//lollipop_nnn.png  used on input line 200.
(pdftex.def)             Requested size: 163.8771pt x 122.9081pt.
 [5

 <../plots//lollipop.png> <../plots//lollipop_n.png> <../plots//lollipop_nlnn.png> <../plots//lollipop_nn.png> <../plots//lollipop_nnn.png>] [6

] (./report4.aux)

LaTeX Warning: There were multiply-defined labels.

Package rerunfilecheck Info: File `report4.out' has not changed.
(rerunfilecheck)             Checksum: 482141F4AE27199B5DDA0576FB1136BD;621.
 ) 
Here is how much of TeX's memory you used:
 11605 strings out of 478238
 187913 string characters out of 5850455
 464098 words of memory out of 5000000
 29637 multiletter control sequences out of 15000+600000
 479311 words of font info for 58 fonts, out of 8000000 for 9000
 1141 hyphenation exceptions out of 8191
 60i,11n,63p,320b,591s stack positions out of 5000i,500n,10000p,200000b,80000s
{/usr/share/texmf-dist/fonts/enc/dvips/pl/plrm.enc}{/usr/share/texmf-dist/fonts/enc/dvips/pl/plmi.enc}{/usr/share/texmf-dist/fonts/enc/dvips/pl/plsc.enc}</usr/share/texmf-dist/fonts/type1/public/pl/plbx12.pfb></usr/share/texmf-dist/fonts/type1/public/pl/plmi10.pfb></usr/share/texmf-dist/fonts/type1/public/pl/plmi6.pfb></usr/share/texmf-dist/fonts/type1/public/pl/plr10.pfb></usr/share/texmf-dist/fonts/type1/public/pl/plr5.pfb></usr/share/texmf-dist/fonts/type1/public/pl/plr6.pfb></usr/share/texmf-dist/fonts/type1/public/pl/plr7.pfb></usr/share/texmf-dist/fonts/type1/public/pl/plr9.pfb>
Output written on report4.pdf (6 pages, 385266 bytes).
PDF statistics:
 167 PDF objects out of 1000 (max. 8388607)
 92 compressed objects within 1 object stream
 24 named destinations out of 1000 (max. 500000)
 174 words of extra memory for PDF output out of 10000 (max. 10000000)

